<?xml version="1.0" encoding="UTF-8"?>
<testng-results ignored="0" total="1" passed="1" failed="0" skipped="0">
  <reporter-output>
  </reporter-output>
  <suite started-at="2020-07-29T19:01:22 IST" name="Default suite" finished-at="2020-07-29T19:01:28 IST" duration-ms="6320">
    <groups>
    </groups>
    <test started-at="2020-07-29T19:01:22 IST" name="Default test" finished-at="2020-07-29T19:01:28 IST" duration-ms="6320">
      <class name="files.StaticJson">
        <test-method signature="addBook()[pri:0, instance:files.StaticJson@419c5f1a]" started-at="2020-07-29T19:01:22 IST" name="addBook" finished-at="2020-07-29T19:01:28 IST" duration-ms="6241" status="PASS">
          <reporter-output>
          </reporter-output>
        </test-method> <!-- addBook -->
      </class> <!-- files.StaticJson -->
    </test> <!-- Default test -->
  </suite> <!-- Default suite -->
</testng-results>
