<?xml version="1.0" encoding="UTF-8"?>
<testng-results ignored="0" total="1" passed="1" failed="0" skipped="0">
  <reporter-output>
  </reporter-output>
  <suite started-at="2020-07-28T19:08:34 IST" name="Default suite" finished-at="2020-07-28T19:08:38 IST" duration-ms="3917">
    <groups>
    </groups>
    <test started-at="2020-07-28T19:08:34 IST" name="Default test" finished-at="2020-07-28T19:08:38 IST" duration-ms="3917">
      <class name="basicAPI.SumValidation">
        <test-method signature="sumOfCourses()[pri:0, instance:basicAPI.SumValidation@163e4e87]" started-at="2020-07-28T19:08:34 IST" name="sumOfCourses" finished-at="2020-07-28T19:08:38 IST" duration-ms="3839" status="PASS">
          <reporter-output>
          </reporter-output>
        </test-method> <!-- sumOfCourses -->
      </class> <!-- basicAPI.SumValidation -->
    </test> <!-- Default test -->
  </suite> <!-- Default suite -->
</testng-results>
